<?xml version="1.0" encoding="UTF-8"?>
<!-- Generated by org.testng.reporters.JUnitReportReporter -->
<testsuite hostname="COG-WIN-MAC04" failures="0" tests="4" name="testcases.Question" time="169.752" errors="0" timestamp="2022-06-27T10:30:22 IST" skipped="1">
  <testcase classname="testcases.Question" name="addQuestion" time="32.439"/>
  <system-out/>
  <testcase classname="testcases.Question" name="editQuestion" time="60.995"/>
  <system-out/>
  <testcase classname="testcases.Question" name="priorityListing" time="76.318"/>
  <system-out/>
  <testcase classname="testcases.Question" name="validationCheck">
    <skipped/>
  </testcase> <!-- validationCheck -->
  <system-out/>
</testsuite> <!-- testcases.Question -->
