<?xml version="1.0" encoding="UTF-8"?>
<!-- Generated by org.testng.reporters.JUnitReportReporter -->
<testsuite hostname="COG-WIN-MAC04" failures="0" tests="4" name="testcases.ContactType" time="269.153" errors="0" timestamp="2022-06-24T15:36:20 IST" skipped="0">
  <testcase classname="testcases.ContactType" name="validationCheck" time="79.124"/>
  <system-out/>
  <testcase classname="testcases.ContactType" name="addContactType" time="47.524"/>
  <system-out/>
  <testcase classname="testcases.ContactType" name="editContactType" time="56.498"/>
  <system-out/>
  <testcase classname="testcases.ContactType" name="contactTypeListing" time="86.007"/>
  <system-out/>
</testsuite> <!-- testcases.ContactType -->
