<?xml version="1.0" encoding="UTF-8"?>
<!-- Generated by org.testng.reporters.JUnitReportReporter -->
<testsuite hostname="COG-WIN-MAC04" failures="0" tests="4" name="testcases.Priority" time="225.872" errors="0" timestamp="2022-07-19T10:15:27 IST" skipped="0">
  <testcase classname="testcases.Priority" name="validationCheck" time="37.294"/>
  <system-out/>
  <testcase classname="testcases.Priority" name="addPriority" time="49.747"/>
  <system-out/>
  <testcase classname="testcases.Priority" name="editPriority" time="61.750"/>
  <system-out/>
  <testcase classname="testcases.Priority" name="priorityListing" time="77.081"/>
  <system-out/>
</testsuite> <!-- testcases.Priority -->
