<?xml version="1.0" encoding="UTF-8"?>
<!-- Generated by org.testng.reporters.JUnitReportReporter -->
<testsuite hostname="COG-WIN-MAC04" failures="0" tests="4" name="testcases.PaymentGateway" time="166.078" errors="0" timestamp="2022-06-27T09:52:37 IST" skipped="1">
  <testcase classname="testcases.PaymentGateway" name="addPaymentGateway" time="59.634"/>
  <system-out/>
  <testcase classname="testcases.PaymentGateway" name="editPaymentGateway" time="66.527"/>
  <system-out/>
  <testcase classname="testcases.PaymentGateway" name="PaymentGatewayListing" time="39.917"/>
  <system-out/>
  <testcase classname="testcases.PaymentGateway" name="addPaymentGatewayValidation">
    <skipped/>
  </testcase> <!-- addPaymentGatewayValidation -->
  <system-out/>
</testsuite> <!-- testcases.PaymentGateway -->
