<?xml version="1.0" encoding="UTF-8"?>
<!-- Generated by org.testng.reporters.JUnitReportReporter -->
<testsuite hostname="COG-WIN-MAC04" failures="0" tests="1" name="testcases.Department" time="84.193" errors="0" timestamp="2022-07-18T15:24:20 IST" skipped="0">
  <testcase classname="testcases.Department" name="addDepartmentValidationCheck" time="84.193"/>
  <system-out/>
</testsuite> <!-- testcases.Department -->
