<?xml version="1.0" encoding="UTF-8"?>
<!-- Generated by org.testng.reporters.JUnitReportReporter -->
<testsuite hostname="COG-WIN-MAC04" failures="0" tests="3" name="testcases.Break" time="234.113" errors="0" timestamp="2022-06-23T18:30:58 IST" skipped="0">
  <testcase classname="testcases.Break" name="AddBreakValidationCheck" time="115.795"/>
  <system-out/>
  <testcase classname="testcases.Break" name="AddBreak" time="62.272"/>
  <system-out/>
  <testcase classname="testcases.Break" name="EditBreak" time="56.046"/>
  <system-out/>
</testsuite> <!-- testcases.Break -->
