<?xml version="1.0" encoding="UTF-8"?>
<!-- Generated by org.testng.reporters.JUnitReportReporter -->
<testsuite hostname="COG-WIN-MAC04" failures="0" tests="5" name="testcases.Location" time="224.773" errors="0" timestamp="2022-06-24T17:53:12 IST" skipped="1">
  <testcase classname="testcases.Location" name="addParentLocation" time="37.290"/>
  <system-out/>
  <testcase classname="testcases.Location" name="addChildLocation" time="64.804"/>
  <system-out/>
  <testcase classname="testcases.Location" name="editLocation" time="71.396"/>
  <system-out/>
  <testcase classname="testcases.Location" name="LocationListing" time="51.283"/>
  <system-out/>
  <testcase classname="testcases.Location" name="addParentLocationValidation">
    <skipped/>
  </testcase> <!-- addParentLocationValidation -->
  <system-out/>
</testsuite> <!-- testcases.Location -->
