<?xml version="1.0" encoding="UTF-8"?>
<!-- Generated by org.testng.reporters.JUnitReportReporter -->
<testsuite hostname="COG-WIN-MAC04" failures="0" tests="4" name="testcases.UserTitle" time="172.871" errors="0" timestamp="2022-06-27T11:56:06 IST" skipped="1">
  <testcase classname="testcases.UserTitle" name="addUserTitle" time="30.963"/>
  <system-out/>
  <testcase classname="testcases.UserTitle" name="EditUserTitle" time="66.390"/>
  <system-out/>
  <testcase classname="testcases.UserTitle" name="StageListing" time="75.518"/>
  <system-out/>
  <testcase classname="testcases.UserTitle" name="validationCheck">
    <skipped/>
  </testcase> <!-- validationCheck -->
  <system-out/>
</testsuite> <!-- testcases.UserTitle -->
