<?xml version="1.0" encoding="UTF-8"?>
<!-- Generated by org.testng.reporters.JUnitReportReporter -->
<testsuite hostname="COG-WIN-MAC04" failures="0" tests="3" name="testcases.CompanyHolidays" time="192.184" errors="0" timestamp="2022-07-20T10:08:59 IST" skipped="0">
  <testcase classname="testcases.CompanyHolidays" name="ValidationCheck" time="43.314"/>
  <system-out/>
  <testcase classname="testcases.CompanyHolidays" name="AddCompanyHolidayFullDay" time="66.672"/>
  <system-out/>
  <testcase classname="testcases.CompanyHolidays" name="ActiveInactiveSearch" time="82.198"/>
  <system-out/>
</testsuite> <!-- testcases.CompanyHolidays -->
