<?xml version="1.0" encoding="UTF-8"?>
<!-- Generated by org.testng.reporters.JUnitReportReporter -->
<testsuite hostname="COG-WIN-MAC04" failures="0" tests="2" name="testcases.Announcement" time="118.284" errors="0" timestamp="2022-07-18T11:13:29 IST" skipped="0">
  <testcase classname="testcases.Announcement" name="ValidationCheck" time="42.956"/>
  <system-out/>
  <testcase classname="testcases.Announcement" name="AddSearchDeleteAnnouncement" time="75.328"/>
  <system-out/>
</testsuite> <!-- testcases.Announcement -->
