<?xml version="1.0" encoding="UTF-8"?>
<!-- Generated by org.testng.reporters.JUnitReportReporter -->
<testsuite hostname="COG-WIN-MAC04" failures="0" tests="4" name="testcases.CRMRoleTitle" time="248.413" errors="0" timestamp="2022-07-18T15:03:45 IST" skipped="0">
  <testcase classname="testcases.CRMRoleTitle" name="validationCheck" time="33.381"/>
  <system-out/>
  <testcase classname="testcases.CRMRoleTitle" name="addCRMRoleTitlePage" time="52.114"/>
  <system-out/>
  <testcase classname="testcases.CRMRoleTitle" name="editCRMRoleTitlePage" time="59.662"/>
  <system-out/>
  <testcase classname="testcases.CRMRoleTitle" name="CRMRoleTitleStatusModificationAndValidation" time="103.256"/>
  <system-out/>
</testsuite> <!-- testcases.CRMRoleTitle -->
