<?xml version="1.0" encoding="UTF-8"?>
<!-- Generated by org.testng.reporters.JUnitReportReporter -->
<testsuite hostname="COG-WIN-MAC04" failures="0" tests="4" name="testcases.Designation" time="253.146" errors="0" timestamp="2022-06-24T16:21:11 IST" skipped="0">
  <testcase classname="testcases.Designation" name="addDesignationValidationCheck" time="55.967"/>
  <system-out/>
  <testcase classname="testcases.Designation" name="addDesignation" time="48.443"/>
  <system-out/>
  <testcase classname="testcases.Designation" name="editDesignation" time="66.388"/>
  <system-out/>
  <testcase classname="testcases.Designation" name="designationListing" time="82.348"/>
  <system-out/>
</testsuite> <!-- testcases.Designation -->
