<?xml version="1.0" encoding="UTF-8"?>
<!-- Generated by org.testng.reporters.JUnitReportReporter -->
<testsuite hostname="COG-WIN-MAC04" failures="0" tests="1" name="testcases.IndustryType" time="34.750" errors="0" timestamp="2022-07-18T17:15:56 IST" skipped="0">
  <testcase classname="testcases.IndustryType" name="addIndustryTypeValidation" time="34.750"/>
  <system-out/>
</testsuite> <!-- testcases.IndustryType -->
