<?xml version="1.0" encoding="UTF-8"?>
<!-- Generated by org.testng.reporters.JUnitReportReporter -->
<testsuite hostname="COG-WIN-MAC04" failures="0" tests="4" name="testcases.Skill" time="272.460" errors="0" timestamp="2022-06-27T14:58:01 IST" skipped="0">
  <testcase classname="testcases.Skill" name="validationCheck" time="81.201"/>
  <system-out/>
  <testcase classname="testcases.Skill" name="addSkill" time="50.647"/>
  <system-out/>
  <testcase classname="testcases.Skill" name="EditSkill" time="64.736"/>
  <system-out/>
  <testcase classname="testcases.Skill" name="SkillListing" time="75.876"/>
  <system-out/>
</testsuite> <!-- testcases.Skill -->
