<?xml version="1.0" encoding="UTF-8"?>
<!-- Generated by org.testng.reporters.JUnitReportReporter -->
<testsuite hostname="COG-WIN-MAC04" failures="0" tests="4" name="testcases.Category" time="206.294" errors="0" timestamp="2022-07-18T12:26:15 IST" skipped="0">
  <testcase classname="testcases.Category" name="addCategoryValidationCheck" time="31.314"/>
  <system-out/>
  <testcase classname="testcases.Category" name="addCategory" time="43.007"/>
  <system-out/>
  <testcase classname="testcases.Category" name="editCategory" time="53.941"/>
  <system-out/>
  <testcase classname="testcases.Category" name="CategoryListing" time="78.032"/>
  <system-out/>
</testsuite> <!-- testcases.Category -->
