<?xml version="1.0" encoding="UTF-8"?>
<!-- Generated by org.testng.reporters.JUnitReportReporter -->
<testsuite hostname="COG-WIN-MAC04" failures="0" tests="3" name="testcases.CompanyHolidays" time="45.115" errors="0" timestamp="2022-06-24T15:06:36 IST" skipped="2">
  <testcase classname="testcases.CompanyHolidays" name="AddCompanyHolidayFullDay" time="45.115"/>
  <system-out/>
  <testcase classname="testcases.CompanyHolidays" name="ValidationCheck">
    <skipped/>
  </testcase> <!-- ValidationCheck -->
  <system-out/>
  <testcase classname="testcases.CompanyHolidays" name="ActiveInactiveSearch">
    <skipped/>
  </testcase> <!-- ActiveInactiveSearch -->
  <system-out/>
</testsuite> <!-- testcases.CompanyHolidays -->
