<?xml version="1.0" encoding="UTF-8"?>
<!-- Generated by org.testng.reporters.JUnitReportReporter -->
<testsuite hostname="COG-WIN-MAC04" failures="0" tests="1" name="testcases.CompanyNotification" time="216.354" errors="0" timestamp="2022-07-18T14:35:10 IST" skipped="0">
  <testcase classname="testcases.CompanyNotification" name="moduleWiseCheckverification" time="216.354"/>
  <system-out/>
</testsuite> <!-- testcases.CompanyNotification -->
