<?xml version="1.0" encoding="UTF-8"?>
<!-- Generated by org.testng.reporters.JUnitReportReporter -->
<testsuite hostname="COG-WIN-MAC04" failures="0" tests="4" name="testcases.CurrencyManagement" time="252.083" errors="0" timestamp="2022-07-18T15:13:42 IST" skipped="0">
  <testcase classname="testcases.CurrencyManagement" name="currencyValidationCheck" time="97.161"/>
  <system-out/>
  <testcase classname="testcases.CurrencyManagement" name="SourcecurrencyDuplicateValidation" time="57.278"/>
  <system-out/>
  <testcase classname="testcases.CurrencyManagement" name="BasecurrencyDuplicateValidation" time="43.813"/>
  <system-out/>
  <testcase classname="testcases.CurrencyManagement" name="addNewCurrencyAndDelete" time="53.831"/>
  <system-out/>
</testsuite> <!-- testcases.CurrencyManagement -->
