<?xml version="1.0" encoding="UTF-8"?>
<!-- Generated by org.testng.reporters.JUnitReportReporter -->
<testsuite hostname="COG-WIN-MAC04" failures="0" tests="4" name="testcases.Shift" time="252.004" errors="0" timestamp="2022-07-19T11:27:07 IST" skipped="0">
  <testcase classname="testcases.Shift" name="validationCheck" time="36.332"/>
  <system-out/>
  <testcase classname="testcases.Shift" name="addShiftFexible" time="76.008"/>
  <system-out/>
  <testcase classname="testcases.Shift" name="editShiftFexible" time="64.035"/>
  <system-out/>
  <testcase classname="testcases.Shift" name="ServiceListing" time="75.629"/>
  <system-out/>
</testsuite> <!-- testcases.Shift -->
