<?xml version="1.0" encoding="UTF-8"?>
<!-- Generated by org.testng.reporters.JUnitReportReporter -->
<testsuite hostname="COG-WIN-MAC04" failures="0" tests="1" name="testcases.ReviewTemplate" time="85.155" errors="0" timestamp="2022-07-19T10:47:11 IST" skipped="0">
  <testcase classname="testcases.ReviewTemplate" name="validationCheck" time="85.155"/>
  <system-out/>
</testsuite> <!-- testcases.ReviewTemplate -->
