<?xml version="1.0" encoding="UTF-8"?>
<!-- Generated by org.testng.reporters.JUnitReportReporter -->
<testsuite hostname="COG-WIN-MAC04" failures="0" tests="1" name="testcases.Break" time="31.673" errors="0" timestamp="2022-07-18T11:23:36 IST" skipped="0">
  <testcase classname="testcases.Break" name="AddBreakValidationCheck" time="31.673"/>
  <system-out/>
</testsuite> <!-- testcases.Break -->
