<?xml version="1.0" encoding="UTF-8"?>
<!-- Generated by org.testng.reporters.JUnitReportReporter -->
<testsuite hostname="COG-WIN-MAC04" failures="0" tests="1" name="testcases.Emailtemplate" time="91.488" errors="0" timestamp="2022-07-18T16:33:29 IST" skipped="0">
  <testcase classname="testcases.Emailtemplate" name="validationCheck" time="91.488"/>
  <system-out/>
</testsuite> <!-- testcases.Emailtemplate -->
