<?xml version="1.0" encoding="UTF-8"?>
<!-- Generated by org.testng.reporters.JUnitReportReporter -->
<testsuite hostname="COG-WIN-MAC04" failures="0" tests="3" name="testcases.TemplateMapping" time="232.024" errors="0" timestamp="2022-06-27T18:12:13 IST" skipped="0">
  <testcase classname="testcases.TemplateMapping" name="addTemplateMappingValidation" time="76.192"/>
  <system-out/>
  <testcase classname="testcases.TemplateMapping" name="addTemplateMapping" time="75.465"/>
  <system-out/>
  <testcase classname="testcases.TemplateMapping" name="TrainingFeedbacklisting" time="80.367"/>
  <system-out/>
</testsuite> <!-- testcases.TemplateMapping -->
