<?xml version="1.0" encoding="UTF-8"?>
<!-- Generated by org.testng.reporters.JUnitReportReporter -->
<testsuite hostname="COG-WIN-MAC04" failures="0" tests="1" name="testcases.Phase" time="40.256" errors="0" timestamp="2022-07-18T18:18:00 IST" skipped="0">
  <testcase classname="testcases.Phase" name="validationCheck" time="40.256"/>
  <system-out/>
</testsuite> <!-- testcases.Phase -->
