<?xml version="1.0" encoding="UTF-8"?>
<!-- Generated by org.testng.reporters.JUnitReportReporter -->
<testsuite hostname="COG-WIN-MAC04" failures="0" tests="1" name="testcases.Feedback" time="81.052" errors="0" timestamp="2022-07-18T16:49:06 IST" skipped="0">
  <testcase classname="testcases.Feedback" name="validationCheck" time="81.052"/>
  <system-out/>
</testsuite> <!-- testcases.Feedback -->
