<?xml version="1.0" encoding="UTF-8"?>
<!-- Generated by org.testng.reporters.JUnitReportReporter -->
<testsuite hostname="COG-WIN-MAC04" failures="0" tests="2" name="testcases.Announcement" time="107.150" errors="0" timestamp="2022-06-23T18:09:01 IST" skipped="0">
  <testcase classname="testcases.Announcement" name="ValidationCheck" time="23.438"/>
  <system-out/>
  <testcase classname="testcases.Announcement" name="AddSearchDeleteAnnouncement" time="83.712"/>
  <system-out/>
</testsuite> <!-- testcases.Announcement -->
