<?xml version="1.0" encoding="UTF-8"?>
<!-- Generated by org.testng.reporters.JUnitReportReporter -->
<testsuite hostname="COG-WIN-MAC04" failures="0" tests="4" name="testcases.IndustryType" time="292.556" errors="0" timestamp="2022-06-24T17:47:55 IST" skipped="0">
  <testcase classname="testcases.IndustryType" name="addIndustryTypeValidation" time="80.865"/>
  <system-out/>
  <testcase classname="testcases.IndustryType" name="addIndustryType" time="47.556"/>
  <system-out/>
  <testcase classname="testcases.IndustryType" name="editIndustryType" time="73.613"/>
  <system-out/>
  <testcase classname="testcases.IndustryType" name="IndustryTypeListing" time="90.522"/>
  <system-out/>
</testsuite> <!-- testcases.IndustryType -->
