<?xml version="1.0" encoding="UTF-8"?>
<!-- Generated by org.testng.reporters.JUnitReportReporter -->
<testsuite hostname="COG-WIN-MAC04" failures="0" tests="4" name="testcases.Status" time="354.076" errors="0" timestamp="2022-06-27T11:18:16 IST" skipped="0">
  <testcase classname="testcases.Status" name="validationCheck" time="128.730"/>
  <system-out/>
  <testcase classname="testcases.Status" name="addStatus" time="71.104"/>
  <system-out/>
  <testcase classname="testcases.Status" name="EditStatus" time="63.895"/>
  <system-out/>
  <testcase classname="testcases.Status" name="StatusListing" time="90.347"/>
  <system-out/>
</testsuite> <!-- testcases.Status -->
