<?xml version="1.0" encoding="UTF-8"?>
<!-- Generated by org.testng.reporters.JUnitReportReporter -->
<testsuite hostname="COG-WIN-MAC04" failures="0" tests="4" name="testcases.UserTitle" time="173.319" errors="0" timestamp="2022-07-19T15:09:18 IST" skipped="1">
  <testcase classname="testcases.UserTitle" name="addUserTitle" time="32.235"/>
  <system-out/>
  <testcase classname="testcases.UserTitle" name="EditUserTitle" time="65.078"/>
  <system-out/>
  <testcase classname="testcases.UserTitle" name="StageListing" time="76.006"/>
  <system-out/>
  <testcase classname="testcases.UserTitle" name="validationCheck">
    <skipped/>
  </testcase> <!-- validationCheck -->
  <system-out/>
</testsuite> <!-- testcases.UserTitle -->
