<?xml version="1.0" encoding="UTF-8"?>
<!-- Generated by org.testng.reporters.JUnitReportReporter -->
<testsuite hostname="COG-WIN-MAC04" failures="0" tests="4" name="testcases.Shift" time="485.397" errors="0" timestamp="2022-06-27T10:51:45 IST" skipped="0">
  <testcase classname="testcases.Shift" name="validationCheck" time="267.458"/>
  <system-out/>
  <testcase classname="testcases.Shift" name="addShiftFexible" time="78.115"/>
  <system-out/>
  <testcase classname="testcases.Shift" name="editShiftFexible" time="63.312"/>
  <system-out/>
  <testcase classname="testcases.Shift" name="ServiceListing" time="76.512"/>
  <system-out/>
</testsuite> <!-- testcases.Shift -->
