<?xml version="1.0" encoding="UTF-8"?>
<!-- Generated by org.testng.reporters.JUnitReportReporter -->
<testsuite hostname="COG-WIN-MAC04" failures="0" tests="4" name="testcases.Phase" time="290.960" errors="0" timestamp="2022-06-27T10:02:35 IST" skipped="0">
  <testcase classname="testcases.Phase" name="validationCheck" time="80.596"/>
  <system-out/>
  <testcase classname="testcases.Phase" name="addPhase" time="63.988"/>
  <system-out/>
  <testcase classname="testcases.Phase" name="editPhase" time="61.688"/>
  <system-out/>
  <testcase classname="testcases.Phase" name="phaseListing" time="84.688"/>
  <system-out/>
</testsuite> <!-- testcases.Phase -->
