<?xml version="1.0" encoding="UTF-8"?>
<!-- Generated by org.testng.reporters.JUnitReportReporter -->
<testsuite hostname="COG-WIN-MAC04" failures="0" tests="5" name="testcases.Venue" time="248.759" errors="0" timestamp="2022-07-19T15:15:43 IST" skipped="1">
  <testcase classname="testcases.Venue" name="addVenue" time="33.989"/>
  <system-out/>
  <testcase classname="testcases.Venue" name="editVenue" time="76.429"/>
  <system-out/>
  <testcase classname="testcases.Venue" name="addLayout" time="82.591"/>
  <system-out/>
  <testcase classname="testcases.Venue" name="deleteVenue" time="55.750"/>
  <system-out/>
  <testcase classname="testcases.Venue" name="addVenueValidationCheck">
    <skipped/>
  </testcase> <!-- addVenueValidationCheck -->
  <system-out/>
</testsuite> <!-- testcases.Venue -->
