<?xml version="1.0" encoding="UTF-8"?>
<!-- Generated by org.testng.reporters.JUnitReportReporter -->
<testsuite hostname="COG-WIN-MAC04" failures="0" tests="2" name="testcases.CompanyNotification" time="285.801" errors="0" timestamp="2022-06-24T15:28:45 IST" skipped="0">
  <testcase classname="testcases.CompanyNotification" name="mainMultiCheckboxVerification" time="51.101"/>
  <system-out/>
  <testcase classname="testcases.CompanyNotification" name="moduleWiseCheckverification" time="234.700"/>
  <system-out/>
</testsuite> <!-- testcases.CompanyNotification -->
