<?xml version="1.0" encoding="UTF-8"?>
<!-- Generated by org.testng.reporters.JUnitReportReporter -->
<testsuite hostname="COG-WIN-MAC04" failures="0" tests="5" name="testcases.Feedback" time="426.046" errors="0" timestamp="2022-06-24T17:31:05 IST" skipped="0">
  <testcase classname="testcases.Feedback" name="validationCheck" time="126.283"/>
  <system-out/>
  <testcase classname="testcases.Feedback" name="addFeedback" time="103.712"/>
  <system-out/>
  <testcase classname="testcases.Feedback" name="editFeedback" time="70.651"/>
  <system-out/>
  <testcase classname="testcases.Feedback" name="feedbacklisting" time="78.764"/>
  <system-out/>
  <testcase classname="testcases.Feedback" name="deleteAlltickets" time="46.636"/>
  <system-out/>
</testsuite> <!-- testcases.Feedback -->
