<?xml version="1.0" encoding="UTF-8"?>
<!-- Generated by org.testng.reporters.JUnitReportReporter -->
<testsuite hostname="COG-WIN-MAC04" failures="0" tests="4" name="testcases.Skill" time="229.629" errors="0" timestamp="2022-07-19T11:33:57 IST" skipped="0">
  <testcase classname="testcases.Skill" name="validationCheck" time="35.428"/>
  <system-out/>
  <testcase classname="testcases.Skill" name="addSkill" time="51.190"/>
  <system-out/>
  <testcase classname="testcases.Skill" name="EditSkill" time="64.844"/>
  <system-out/>
  <testcase classname="testcases.Skill" name="SkillListing" time="78.167"/>
  <system-out/>
</testsuite> <!-- testcases.Skill -->
