<?xml version="1.0" encoding="UTF-8"?>
<!-- Generated by org.testng.reporters.JUnitReportReporter -->
<testsuite hostname="COG-WIN-MAC04" failures="0" tests="1" name="testcases.PaymentGateway" time="126.102" errors="0" timestamp="2022-07-18T17:38:37 IST" skipped="0">
  <testcase classname="testcases.PaymentGateway" name="addPaymentGatewayValidation" time="126.102"/>
  <system-out/>
</testsuite> <!-- testcases.PaymentGateway -->
