<?xml version="1.0" encoding="UTF-8"?>
<!-- Generated by org.testng.reporters.JUnitReportReporter -->
<testsuite hostname="COG-WIN-MAC04" failures="0" tests="4" name="testcases.Channel" time="224.981" errors="0" timestamp="2022-07-18T12:47:01 IST" skipped="0">
  <testcase classname="testcases.Channel" name="validationCheck" time="34.010"/>
  <system-out/>
  <testcase classname="testcases.Channel" name="addChannel" time="47.491"/>
  <system-out/>
  <testcase classname="testcases.Channel" name="editChannel" time="61.339"/>
  <system-out/>
  <testcase classname="testcases.Channel" name="channellisting" time="82.141"/>
  <system-out/>
</testsuite> <!-- testcases.Channel -->
