<?xml version="1.0" encoding="UTF-8"?>
<!-- Generated by org.testng.reporters.JUnitReportReporter -->
<testsuite hostname="COG-WIN-MAC04" failures="0" tests="4" name="testcases.CurrencyManagement" time="254.762" errors="0" timestamp="2022-06-24T16:02:40 IST" skipped="0">
  <testcase classname="testcases.CurrencyManagement" name="addNewCurrencyAndDelete" time="54.402"/>
  <system-out/>
  <testcase classname="testcases.CurrencyManagement" name="SourcecurrencyDuplicateValidation" time="59.198"/>
  <system-out/>
  <testcase classname="testcases.CurrencyManagement" name="currencyValidationCheck" time="114.573"/>
  <system-out/>
  <testcase classname="testcases.CurrencyManagement" name="BasecurrencyDuplicateValidation" time="26.589"/>
  <system-out/>
</testsuite> <!-- testcases.CurrencyManagement -->
