<?xml version="1.0" encoding="UTF-8"?>
<!-- Generated by org.testng.reporters.JUnitReportReporter -->
<testsuite hostname="COG-WIN-MAC04" failures="0" tests="4" name="testcases.Service" time="255.917" errors="0" timestamp="2022-07-19T11:14:59 IST" skipped="0">
  <testcase classname="testcases.Service" name="validationCheck" time="35.740"/>
  <system-out/>
  <testcase classname="testcases.Service" name="addService" time="51.031"/>
  <system-out/>
  <testcase classname="testcases.Service" name="editService" time="94.007"/>
  <system-out/>
  <testcase classname="testcases.Service" name="ServiceListing" time="75.139"/>
  <system-out/>
</testsuite> <!-- testcases.Service -->
