<?xml version="1.0" encoding="UTF-8"?>
<!-- Generated by org.testng.reporters.JUnitReportReporter -->
<testsuite hostname="COG-WIN-MAC04" failures="0" tests="4" name="testcases.Stage" time="391.394" errors="0" timestamp="2022-06-27T11:11:16 IST" skipped="0">
  <testcase classname="testcases.Stage" name="validationCheck" time="136.128"/>
  <system-out/>
  <testcase classname="testcases.Stage" name="addStage" time="102.659"/>
  <system-out/>
  <testcase classname="testcases.Stage" name="EditStage" time="72.714"/>
  <system-out/>
  <testcase classname="testcases.Stage" name="StageListing" time="79.893"/>
  <system-out/>
</testsuite> <!-- testcases.Stage -->
