<?xml version="1.0" encoding="UTF-8"?>
<!-- Generated by org.testng.reporters.JUnitReportReporter -->
<testsuite hostname="COG-WIN-MAC04" failures="0" tests="3" name="testcases.CannedReply" time="49.341" errors="0" timestamp="2022-07-05T12:46:18 IST" skipped="2">
  <testcase classname="testcases.CannedReply" name="AddCannedReply" time="49.341"/>
  <system-out/>
  <testcase classname="testcases.CannedReply" name="ValidationCheck">
    <skipped/>
  </testcase> <!-- ValidationCheck -->
  <system-out/>
  <testcase classname="testcases.CannedReply" name="SearchActiveInactiveDeleteCannedReply">
    <skipped/>
  </testcase> <!-- SearchActiveInactiveDeleteCannedReply -->
  <system-out/>
</testsuite> <!-- testcases.CannedReply -->
