<?xml version="1.0" encoding="UTF-8"?>
<!-- Generated by org.testng.reporters.JUnitReportReporter -->
<testsuite hostname="COG-WIN-MAC04" failures="0" tests="3" name="testcases.TemplateMapping" time="241.704" errors="0" timestamp="2022-07-19T14:20:25 IST" skipped="0">
  <testcase classname="testcases.TemplateMapping" name="addTemplateMappingValidation" time="75.679"/>
  <system-out/>
  <testcase classname="testcases.TemplateMapping" name="addTemplateMapping" time="75.303"/>
  <system-out/>
  <testcase classname="testcases.TemplateMapping" name="TrainingFeedbacklisting" time="90.722"/>
  <system-out/>
</testsuite> <!-- testcases.TemplateMapping -->
