<?xml version="1.0" encoding="UTF-8"?>
<!-- Generated by org.testng.reporters.JUnitReportReporter -->
<testsuite hostname="COG-WIN-MAC04" failures="0" tests="4" name="testcases.Category" time="299.649" errors="0" timestamp="2022-06-24T14:53:48 IST" skipped="0">
  <testcase classname="testcases.Category" name="addCategoryValidationCheck" time="141.484"/>
  <system-out/>
  <testcase classname="testcases.Category" name="editCategory" time="54.607"/>
  <system-out/>
  <testcase classname="testcases.Category" name="addCategory" time="28.539"/>
  <system-out/>
  <testcase classname="testcases.Category" name="CategoryListing" time="75.019"/>
  <system-out/>
</testsuite> <!-- testcases.Category -->
