<?xml version="1.0" encoding="UTF-8"?>
<!-- Generated by org.testng.reporters.JUnitReportReporter -->
<testsuite hostname="COG-WIN-MAC04" failures="0" tests="4" name="testcases.ContactType" time="219.921" errors="0" timestamp="2022-07-18T14:45:43 IST" skipped="0">
  <testcase classname="testcases.ContactType" name="validationCheck" time="31.405"/>
  <system-out/>
  <testcase classname="testcases.ContactType" name="addContactType" time="47.913"/>
  <system-out/>
  <testcase classname="testcases.ContactType" name="editContactType" time="55.839"/>
  <system-out/>
  <testcase classname="testcases.ContactType" name="contactTypeListing" time="84.764"/>
  <system-out/>
</testsuite> <!-- testcases.ContactType -->
