<?xml version="1.0" encoding="UTF-8"?>
<!-- Generated by org.testng.reporters.JUnitReportReporter -->
<testsuite hostname="COG-WIN-MAC04" failures="0" tests="4" name="testcases.Stage" time="266.261" errors="0" timestamp="2022-07-19T12:27:40 IST" skipped="0">
  <testcase classname="testcases.Stage" name="validationCheck" time="33.378"/>
  <system-out/>
  <testcase classname="testcases.Stage" name="addStage" time="95.024"/>
  <system-out/>
  <testcase classname="testcases.Stage" name="EditStage" time="64.315"/>
  <system-out/>
  <testcase classname="testcases.Stage" name="StageListing" time="73.544"/>
  <system-out/>
</testsuite> <!-- testcases.Stage -->
