<?xml version="1.0" encoding="UTF-8"?>
<!-- Generated by org.testng.reporters.JUnitReportReporter -->
<testsuite hostname="COG-WIN-MAC04" failures="0" tests="5" name="testcases.Emailtemplate" time="230.929" errors="0" timestamp="2022-06-24T16:53:56 IST" skipped="1">
  <testcase classname="testcases.Emailtemplate" name="addEmailTemplate" time="36.969"/>
  <system-out/>
  <testcase classname="testcases.Emailtemplate" name="editEmailTemplate" time="61.774"/>
  <system-out/>
  <testcase classname="testcases.Emailtemplate" name="emailTemplateListing" time="78.958"/>
  <system-out/>
  <testcase classname="testcases.Emailtemplate" name="addAdvancedEmailTemplate" time="53.228"/>
  <system-out/>
  <testcase classname="testcases.Emailtemplate" name="validationCheck">
    <skipped/>
  </testcase> <!-- validationCheck -->
  <system-out/>
</testsuite> <!-- testcases.Emailtemplate -->
