<?xml version="1.0" encoding="UTF-8"?>
<!-- Generated by org.testng.reporters.JUnitReportReporter -->
<testsuite hostname="COG-WIN-MAC04" failures="0" tests="4" name="testcases.Question" time="251.081" errors="0" timestamp="2022-07-19T10:35:10 IST" skipped="0">
  <testcase classname="testcases.Question" name="validationCheck" time="34.335"/>
  <system-out/>
  <testcase classname="testcases.Question" name="addQuestion" time="79.745"/>
  <system-out/>
  <testcase classname="testcases.Question" name="editQuestion" time="61.646"/>
  <system-out/>
  <testcase classname="testcases.Question" name="priorityListing" time="75.355"/>
  <system-out/>
</testsuite> <!-- testcases.Question -->
