<?xml version="1.0" encoding="UTF-8"?>
<!-- Generated by org.testng.reporters.JUnitReportReporter -->
<testsuite hostname="COG-WIN-MAC04" failures="0" tests="4" name="testcases.Designation" time="233.009" errors="0" timestamp="2022-07-18T15:32:38 IST" skipped="0">
  <testcase classname="testcases.Designation" name="addDesignationValidationCheck" time="35.382"/>
  <system-out/>
  <testcase classname="testcases.Designation" name="addDesignation" time="48.952"/>
  <system-out/>
  <testcase classname="testcases.Designation" name="editDesignation" time="66.689"/>
  <system-out/>
  <testcase classname="testcases.Designation" name="designationListing" time="81.986"/>
  <system-out/>
</testsuite> <!-- testcases.Designation -->
