<?xml version="1.0" encoding="UTF-8"?>
<!-- Generated by org.testng.reporters.JUnitReportReporter -->
<testsuite hostname="COG-WIN-MAC04" failures="0" tests="1" name="testcases.CannedReply" time="49.062" errors="0" timestamp="2022-07-18T11:57:05 IST" skipped="0">
  <testcase classname="testcases.CannedReply" name="AddCannedReply" time="49.062"/>
  <system-out/>
</testsuite> <!-- testcases.CannedReply -->
