<?xml version="1.0" encoding="UTF-8"?>
<!-- Generated by org.testng.reporters.JUnitReportReporter -->
<testsuite hostname="COG-WIN-MAC04" failures="0" tests="4" name="testcases.Status" time="249.272" errors="0" timestamp="2022-07-19T12:38:04 IST" skipped="0">
  <testcase classname="testcases.Status" name="validationCheck" time="36.797"/>
  <system-out/>
  <testcase classname="testcases.Status" name="addStatus" time="71.614"/>
  <system-out/>
  <testcase classname="testcases.Status" name="EditStatus" time="64.365"/>
  <system-out/>
  <testcase classname="testcases.Status" name="StatusListing" time="76.496"/>
  <system-out/>
</testsuite> <!-- testcases.Status -->
