<?xml version="1.0" encoding="UTF-8"?>
<!-- Generated by org.testng.reporters.JUnitReportReporter -->
<testsuite hostname="COG-WIN-MAC04" failures="0" tests="4" name="testcases.ReviewTemplate" time="304.462" errors="0" timestamp="2022-06-30T14:14:33 IST" skipped="0">
  <testcase classname="testcases.ReviewTemplate" name="validationCheck" time="83.625"/>
  <system-out/>
  <testcase classname="testcases.ReviewTemplate" name="addReviewTemplate" time="67.407"/>
  <system-out/>
  <testcase classname="testcases.ReviewTemplate" name="editReviewTemplate" time="59.999"/>
  <system-out/>
  <testcase classname="testcases.ReviewTemplate" name="ReviewTemplateStatusModificationAndValidation" time="93.431"/>
  <system-out/>
</testsuite> <!-- testcases.ReviewTemplate -->
