<?xml version="1.0" encoding="UTF-8"?>
<!-- Generated by org.testng.reporters.JUnitReportReporter -->
<testsuite hostname="COG-WIN-MAC04" failures="0" tests="5" name="testcases.Venue" time="246.496" errors="0" timestamp="2022-06-27T15:26:55 IST" skipped="1">
  <testcase classname="testcases.Venue" name="addVenue" time="33.256"/>
  <system-out/>
  <testcase classname="testcases.Venue" name="editVenue" time="74.796"/>
  <system-out/>
  <testcase classname="testcases.Venue" name="addLayout" time="81.311"/>
  <system-out/>
  <testcase classname="testcases.Venue" name="deleteVenue" time="57.133"/>
  <system-out/>
  <testcase classname="testcases.Venue" name="addVenueValidationCheck">
    <skipped/>
  </testcase> <!-- addVenueValidationCheck -->
  <system-out/>
</testsuite> <!-- testcases.Venue -->
