<?xml version="1.0" encoding="UTF-8"?>
<!-- Generated by org.testng.reporters.JUnitReportReporter -->
<testsuite hostname="COG-WIN-MAC04" failures="0" tests="4" name="testcases.Department" time="262.834" errors="0" timestamp="2022-06-24T16:14:41 IST" skipped="0">
  <testcase classname="testcases.Department" name="addDepartmentValidationCheck" time="80.645"/>
  <system-out/>
  <testcase classname="testcases.Department" name="addDepartment" time="57.561"/>
  <system-out/>
  <testcase classname="testcases.Department" name="editDepartment" time="52.978"/>
  <system-out/>
  <testcase classname="testcases.Department" name="departmentListing" time="71.650"/>
  <system-out/>
</testsuite> <!-- testcases.Department -->
