<?xml version="1.0" encoding="UTF-8"?>
<!-- Generated by org.testng.reporters.JUnitReportReporter -->
<testsuite hostname="COG-WIN-MAC04" failures="0" tests="4" name="testcases.LoginAuthorization" time="172.149" errors="0" timestamp="2022-06-24T17:57:39 IST" skipped="1">
  <testcase classname="testcases.LoginAuthorization" name="addLoginAuthorization" time="33.138"/>
  <system-out/>
  <testcase classname="testcases.LoginAuthorization" name="EditLoginAuthorization" time="63.815"/>
  <system-out/>
  <testcase classname="testcases.LoginAuthorization" name="TripListing" time="75.196"/>
  <system-out/>
  <testcase classname="testcases.LoginAuthorization" name="validationCheck">
    <skipped/>
  </testcase> <!-- validationCheck -->
  <system-out/>
</testsuite> <!-- testcases.LoginAuthorization -->
